[2020-09-06 11:00:36.918] [sharedprocess] [info] main {"machineId":"6059ed40b1483851e33a36516afad2591dbcaebcd216a3360e7d99e371b32dbc","windowId":2}
[2020-09-06 11:00:36.943] [sharedprocess] [error] [File Watcher (node.js)] Error: ENOENT: no such file or directory, stat '/home/adamsiekierski/.config/Code - OSS/User/snippets'
[2020-09-06 11:00:48.928] [sharedprocess] [info] Installing extension: octref.vetur
[2020-09-06 11:00:52.940] [sharedprocess] [info] Downloaded extension: octref.vetur /home/adamsiekierski/.config/Code - OSS/CachedExtensionVSIXs/octref.vetur-0.27.1
[2020-09-06 11:01:03.635] [sharedprocess] [info] Extracted extension to /home/adamsiekierski/.vscode-oss/extensions/.octref.vetur-0.27.1: octref.vetur
[2020-09-06 11:01:03.635] [sharedprocess] [info] Renamed to /home/adamsiekierski/.vscode-oss/extensions/octref.vetur-0.27.1
[2020-09-06 11:01:03.637] [sharedprocess] [info] Installation completed. octref.vetur
[2020-09-06 11:01:03.661] [sharedprocess] [info] Extensions installed successfully: octref.vetur
[2020-09-06 11:01:16.935] [sharedprocess] [info] Starting to clean up unused language packs.
[2020-09-06 11:01:18.904] [sharedprocess] [info] Installing extension: equinusocio.vsc-community-material-theme
[2020-09-06 11:01:19.515] [sharedprocess] [info] Downloaded extension: equinusocio.vsc-community-material-theme /home/adamsiekierski/.config/Code - OSS/CachedExtensionVSIXs/equinusocio.vsc-community-material-theme-1.4.2
[2020-09-06 11:01:19.545] [sharedprocess] [info] Extracted extension to /home/adamsiekierski/.vscode-oss/extensions/.equinusocio.vsc-community-material-theme-1.4.2: equinusocio.vsc-community-material-theme
[2020-09-06 11:01:19.545] [sharedprocess] [info] Renamed to /home/adamsiekierski/.vscode-oss/extensions/equinusocio.vsc-community-material-theme-1.4.2
[2020-09-06 11:01:19.546] [sharedprocess] [info] Installation completed. equinusocio.vsc-community-material-theme
[2020-09-06 11:01:19.547] [sharedprocess] [info] Extensions installed successfully: equinusocio.vsc-community-material-theme
[2020-09-06 11:01:26.839] [sharedprocess] [info] Installing extension: pkief.material-icon-theme
[2020-09-06 11:01:27.112] [sharedprocess] [info] Downloaded extension: pkief.material-icon-theme /home/adamsiekierski/.config/Code - OSS/CachedExtensionVSIXs/pkief.material-icon-theme-4.2.0
[2020-09-06 11:01:27.433] [sharedprocess] [info] Extracted extension to /home/adamsiekierski/.vscode-oss/extensions/.pkief.material-icon-theme-4.2.0: pkief.material-icon-theme
[2020-09-06 11:01:27.433] [sharedprocess] [info] Renamed to /home/adamsiekierski/.vscode-oss/extensions/pkief.material-icon-theme-4.2.0
[2020-09-06 11:01:27.435] [sharedprocess] [info] Installation completed. pkief.material-icon-theme
[2020-09-06 11:01:27.437] [sharedprocess] [info] Extensions installed successfully: pkief.material-icon-theme
