Looking for git in: git
Using git 2.28.0 from git
> git rev-parse --git-dir
Open repository: /home/adamsiekierski/Coding/website
> git status -z -u
> git symbolic-ref --short HEAD
> git rev-parse master
> git rev-parse --symbolic-full-name master@{u}
> git rev-list --left-right master...refs/remotes/origin/master
> git for-each-ref --sort -committerdate --format %(refname) %(objectname)
> git remote --verbose
> git config --get commit.template
> git check-ignore -v -z --stdin
> git status -z -u
> git symbolic-ref --short HEAD
> git rev-parse master
> git rev-parse --symbolic-full-name master@{u}
> git rev-list --left-right master...refs/remotes/origin/master
> git for-each-ref --sort -committerdate --format %(refname) %(objectname)
> git remote --verbose
> git config --get commit.template
> git status -z -u
> git symbolic-ref --short HEAD
> git rev-parse master
> git rev-parse --symbolic-full-name master@{u}
> git rev-list --left-right master...refs/remotes/origin/master
> git for-each-ref --sort -committerdate --format %(refname) %(objectname)
> git remote --verbose
> git config --get commit.template
> git check-ignore -v -z --stdin
> git show --textconv :src/App.vue
> git ls-files --stage -- /home/adamsiekierski/Coding/website/src/App.vue
> git cat-file -s 428fd5e2fa073eb21c4e984d9e31f738dca68da6
> git show --textconv :src/App.vue
> git ls-files --stage -- /home/adamsiekierski/Coding/website/src/App.vue
> git cat-file -s 428fd5e2fa073eb21c4e984d9e31f738dca68da6
> git log --format=%H%n%aN%n%aE%n%at%n%ct%n%P%n%B -z -n21 -- /home/adamsiekierski/Coding/website/src/App.vue
> git status -z -u
> git symbolic-ref --short HEAD
> git rev-parse master
> git rev-parse --symbolic-full-name master@{u}
> git rev-list --left-right master...refs/remotes/origin/master
> git for-each-ref --sort -committerdate --format %(refname) %(objectname)
> git remote --verbose
> git config --get commit.template
> git show --textconv :src/App.vue
> git ls-files --stage -- /home/adamsiekierski/Coding/website/src/App.vue
> git cat-file -s 428fd5e2fa073eb21c4e984d9e31f738dca68da6
> git status -z -u
> git symbolic-ref --short HEAD
> git rev-parse master
> git rev-parse --symbolic-full-name master@{u}
> git rev-list --left-right master...refs/remotes/origin/master
> git for-each-ref --sort -committerdate --format %(refname) %(objectname)
> git remote --verbose
> git config --get commit.template
> git show --textconv :src/App.vue
> git ls-files --stage -- /home/adamsiekierski/Coding/website/src/App.vue
> git cat-file -s 428fd5e2fa073eb21c4e984d9e31f738dca68da6
> git status -z -u
> git symbolic-ref --short HEAD
> git rev-parse master
> git rev-parse --symbolic-full-name master@{u}
> git rev-list --left-right master...refs/remotes/origin/master
> git for-each-ref --sort -committerdate --format %(refname) %(objectname)
> git remote --verbose
> git config --get commit.template
> git show --textconv :src/App.vue
> git ls-files --stage -- /home/adamsiekierski/Coding/website/src/App.vue
> git cat-file -s 428fd5e2fa073eb21c4e984d9e31f738dca68da6
> git show --textconv :src/App.vue
> git ls-files --stage -- /home/adamsiekierski/Coding/website/src/App.vue
> git cat-file -s 428fd5e2fa073eb21c4e984d9e31f738dca68da6
